sample.interval=20000
"pystr_endswith" 
"$<-" "doWithOneRestart" "withOneRestart" "withRestarts" ".signalSimpleWarning" "pystr_endswith" 
"structure" "simpleWarning" "doWithOneRestart" "withOneRestart" "withRestarts" ".signalSimpleWarning" "pystr_endswith" 
"match" "structure" "simpleWarning" "doWithOneRestart" "withOneRestart" "withRestarts" ".signalSimpleWarning" "pystr_endswith" 
"match" "%in%" "structure" "simpleWarning" "doWithOneRestart" "withOneRestart" "withRestarts" ".signalSimpleWarning" "pystr_endswith" 
"$<-" "doWithOneRestart" "withOneRestart" "withRestarts" ".signalSimpleWarning" "pystr_endswith" 
"==" "pystr_endswith" 
"structure" "simpleWarning" "doWithOneRestart" "withOneRestart" "withRestarts" ".signalSimpleWarning" "pystr_endswith" 
"structure" "simpleWarning" "doWithOneRestart" "withOneRestart" "withRestarts" ".signalSimpleWarning" "pystr_endswith" 
"structure" "makeRestart" "makeRestartList" "withRestarts" ".signalSimpleWarning" "pystr_endswith" 
"structure" "simpleWarning" "doWithOneRestart" "withOneRestart" "withRestarts" ".signalSimpleWarning" "pystr_endswith" 
"makeRestartList" "withRestarts" ".signalSimpleWarning" "pystr_endswith" 
"structure" "simpleWarning" "doWithOneRestart" "withOneRestart" "withRestarts" ".signalSimpleWarning" "pystr_endswith" 
"substr" "pystr_endswith" 
"nchar" "pystr_endswith" 
"as.list.default" "as.list" "pystr_endswith" 
"pystr_endswith" 
"as.list" "pystr_endswith" 
"nchar" "substr" "pystr_endswith" 
"substr" "pystr_endswith" 
"structure" "simpleWarning" "doWithOneRestart" "withOneRestart" "withRestarts" ".signalSimpleWarning" "pystr_endswith" 
"structure" "simpleWarning" "doWithOneRestart" "withOneRestart" "withRestarts" ".signalSimpleWarning" "pystr_endswith" 
"nchar" "pystr_endswith" 
"structure" "simpleWarning" "doWithOneRestart" "withOneRestart" "withRestarts" ".signalSimpleWarning" "pystr_endswith" 
"nchar" "substr" "pystr_endswith" 
"makeRestartList" "withRestarts" ".signalSimpleWarning" "pystr_endswith" 
"nchar" "pystr_endswith" 
"structure" "simpleWarning" "doWithOneRestart" "withOneRestart" "withRestarts" ".signalSimpleWarning" "pystr_endswith" 
"match" "%in%" "structure" "simpleWarning" "doWithOneRestart" "withOneRestart" "withRestarts" ".signalSimpleWarning" "pystr_endswith" 
"$<-" "doWithOneRestart" "withOneRestart" "withRestarts" ".signalSimpleWarning" "pystr_endswith" 
"%in%" "structure" "makeRestart" "makeRestartList" "withRestarts" ".signalSimpleWarning" "pystr_endswith" 
"makeRestartList" "withRestarts" ".signalSimpleWarning" "pystr_endswith" 
